2020-01-21 11:33:41,164 - wiirunner - INFO - Source is Camera
2020-01-21 11:33:41,165 - wiirunner - INFO - {'row_low': 0, 'row_high': 719, 'column_low': 0, 'column_high': 1279}
2020-01-21 11:33:41,193 - wiirunner - INFO - ('frame: ', -1)
2020-01-21 11:33:43,288 - wiirunner - INFO - ('cycle, time, frame, direction:', 1, 17, 176, <State.eRight: (-1,)>, False, True)
2020-01-21 11:33:46,221 - wiirunner - INFO - ('cycle, time, frame, direction:', 2, 78, 122, <State.eRight: (-1,)>, False, True)
2020-01-21 11:33:47,988 - wiirunner - INFO - ('cycle, time, frame, direction:', 3, 30, 94, <State.eRight: (-1,)>, False, True)
2020-01-21 11:33:49,787 - wiirunner - INFO - ('cycle, time, frame, direction:', 4, 28, 76, <State.eRight: (-1,)>, False, True)
2020-01-21 11:33:51,126 - wiirunner - INFO - ('cycle, time, frame, direction:', 5, 21, 66, <State.eRight: (-1,)>, False, True)
2020-01-21 11:33:52,026 - wiirunner - INFO - ('cycle, time, frame, direction:', 6, 13, 58, <State.eRight: (-1,)>, False, True)
2020-01-21 11:33:53,132 - wiirunner - INFO - ('cycle, time, frame, direction:', 7, 17, 53, <State.eRight: (-1,)>, False, False)
2020-01-21 11:33:54,158 - wiirunner - INFO - ('cycle, time, frame, direction:', 8, 18, 48, <State.eRight: (-1,)>, False, False)
2020-01-21 11:33:55,230 - wiirunner - INFO - ('cycle, time, frame, direction:', 9, 17, 45, <State.eRight: (-1,)>, False, False)
2020-01-21 11:33:57,263 - wiirunner - INFO - ('cycle, time, frame, direction:', 10, 31, 42, <State.eRight: (-1,)>, False, False)
2020-01-21 11:33:58,537 - wiirunner - INFO - ('cycle, time, frame, direction:', 11, 21, 40, <State.eRight: (-1,)>, False, False)
2020-01-21 11:33:59,333 - wiirunner - INFO - ('cycle, time, frame, direction:', 12, 12, 38, <State.eRight: (-1,)>, False, False)
2020-01-21 11:34:00,037 - wiirunner - INFO - ('cycle, time, frame, direction:', 13, 10, 36, <State.eRight: (-1,)>, False, False)
2020-01-21 11:34:00,700 - wiirunner - INFO - ('cycle, time, frame, direction:', 14, 10, 35, <State.eRight: (-1,)>, False, False)
2020-01-21 11:34:01,369 - wiirunner - INFO - ('cycle, time, frame, direction:', 15, 10, 34, <State.eRight: (-1,)>, False, False)
2020-01-21 11:34:02,339 - wiirunner - INFO - ('cycle, time, frame, direction:', 16, 18, 32, <State.eRight: (-1,)>, False, False)
2020-01-21 11:34:03,201 - wiirunner - INFO - ('cycle, time, frame, direction:', 17, 13, 32, <State.eRight: (-1,)>, False, False)
2020-01-21 11:34:03,765 - wiirunner - INFO - ('cycle, time, frame, direction:', 18, 13, 49, <State.eSame: (0,)>, True, False)
2020-01-21 11:34:04,606 - wiirunner - INFO - ('cycle, time, frame, direction:', 19, 13, 65, <State.eLeft: (1,)>, True, False)
2020-01-21 11:34:05,571 - wiirunner - INFO - ('cycle, time, frame, direction:', 20, 15, 61, <State.eLeft: (1,)>, False, False)
2020-01-21 11:34:06,535 - wiirunner - INFO - ('cycle, time, frame, direction:', 21, 25, 59, <State.eLeft: (1,)>, False, False)
2020-01-21 11:34:07,311 - wiirunner - INFO - ('cycle, time, frame, direction:', 22, 20, 56, <State.eLeft: (1,)>, False, False)
2020-01-21 11:34:08,139 - wiirunner - INFO - ('cycle, time, frame, direction:', 23, 19, 54, <State.eLeft: (1,)>, False, False)
2020-01-21 11:34:09,281 - wiirunner - INFO - ('cycle, time, frame, direction:', 24, 28, 66, <State.eLeft: (1,)>, True, False)
2020-01-21 11:34:10,800 - wiirunner - INFO - ('cycle, time, frame, direction:', 25, 35, 64, <State.eLeft: (1,)>, False, False)
2020-01-21 11:34:11,637 - wiirunner - INFO - ('cycle, time, frame, direction:', 26, 12, 61, <State.eLeft: (1,)>, False, False)
2020-01-21 11:34:12,534 - wiirunner - INFO - ('cycle, time, frame, direction:', 27, 13, 60, <State.eLeft: (1,)>, False, False)
2020-01-21 11:34:13,436 - wiirunner - INFO - ('cycle, time, frame, direction:', 28, 13, 58, <State.eLeft: (1,)>, False, False)
2020-01-21 11:34:14,206 - wiirunner - INFO - ('cycle, time, frame, direction:', 29, 11, 56, <State.eLeft: (1,)>, False, False)
2020-01-21 11:34:15,037 - wiirunner - INFO - ('cycle, time, frame, direction:', 30, 12, 54, <State.eLeft: (1,)>, False, False)
2020-01-21 11:34:16,071 - wiirunner - INFO - ('cycle, time, frame, direction:', 31, 15, 53, <State.eLeft: (1,)>, False, False)
2020-01-21 11:34:16,906 - wiirunner - INFO - ('cycle, time, frame, direction:', 32, 12, 51, <State.eLeft: (1,)>, False, False)
2020-01-21 11:34:17,541 - wiirunner - INFO - ('cycle, time, frame, direction:', 33, 9, 50, <State.eLeft: (1,)>, False, False)
2020-01-21 11:34:18,125 - wiirunner - INFO - ('cycle, time, frame, direction:', 34, 9, 49, <State.eLeft: (1,)>, False, False)
2020-01-21 11:34:18,656 - wiirunner - INFO - ('cycle, time, frame, direction:', 35, 8, 49, <State.eLeft: (1,)>, False, False)
2020-01-21 11:34:19,104 - wiirunner - INFO - ('cycle, time, frame, direction:', 36, 6, 48, <State.eLeft: (1,)>, False, False)
2020-01-21 11:34:19,468 - wiirunner - INFO - ('cycle, time, frame, direction:', 37, 5, 47, <State.eLeft: (1,)>, False, False)
2020-01-21 11:34:19,883 - wiirunner - INFO - ('cycle, time, frame, direction:', 38, 6, 46, <State.eLeft: (1,)>, False, False)
2020-01-21 11:34:20,492 - wiirunner - INFO - ('cycle, time, frame, direction:', 39, 10, 45, <State.eLeft: (1,)>, False, False)
2020-01-21 11:34:20,958 - wiirunner - INFO - ('cycle, time, frame, direction:', 40, 7, 45, <State.eLeft: (1,)>, False, False)
2020-01-21 11:34:21,494 - wiirunner - INFO - ('cycle, time, frame, direction:', 41, 8, 44, <State.eLeft: (1,)>, False, False)
2020-01-21 11:34:22,032 - wiirunner - INFO - ('cycle, time, frame, direction:', 42, 9, 44, <State.eLeft: (1,)>, False, False)
2020-01-21 11:34:22,530 - wiirunner - INFO - ('cycle, time, frame, direction:', 43, 7, 43, <State.eLeft: (1,)>, False, False)
2020-01-21 11:34:23,065 - wiirunner - INFO - ('cycle, time, frame, direction:', 44, 9, 43, <State.eLeft: (1,)>, False, False)
2020-01-21 11:34:24,797 - wiirunner - INFO - ('cycle, time, frame, direction:', 45, 26, 42, <State.eLeft: (1,)>, False, False)
2020-01-21 11:34:25,331 - wiirunner - INFO - ('cycle, time, frame, direction:', 46, 8, 41, <State.eLeft: (1,)>, False, False)
2020-01-21 11:34:25,640 - wiirunner - INFO - ('cycle, time, frame, direction:', 47, 4, 41, <State.eLeft: (1,)>, False, False)
2020-01-21 11:34:25,937 - wiirunner - INFO - ('cycle, time, frame, direction:', 48, 4, 40, <State.eLeft: (1,)>, False, False)
2020-01-21 11:34:26,172 - wiirunner - INFO - ('cycle, time, frame, direction:', 49, 3, 39, <State.eLeft: (1,)>, False, False)
2020-01-21 11:34:26,401 - wiirunner - INFO - ('cycle, time, frame, direction:', 50, 3, 39, <State.eLeft: (1,)>, False, False)
2020-01-21 11:34:26,634 - wiirunner - INFO - ('cycle, time, frame, direction:', 51, 3, 39, <State.eLeft: (1,)>, False, False)
2020-01-21 11:34:26,962 - wiirunner - INFO - ('cycle, time, frame, direction:', 52, 5, 38, <State.eLeft: (1,)>, False, False)
2020-01-21 11:34:27,230 - wiirunner - INFO - ('cycle, time, frame, direction:', 53, 4, 38, <State.eLeft: (1,)>, False, False)
2020-01-21 11:34:27,438 - wiirunner - INFO - ('cycle, time, frame, direction:', 54, 3, 38, <State.eLeft: (1,)>, False, False)
2020-01-21 11:34:27,672 - wiirunner - INFO - ('cycle, time, frame, direction:', 55, 3, 37, <State.eLeft: (1,)>, False, False)
2020-01-21 11:34:28,070 - wiirunner - INFO - ('cycle, time, frame, direction:', 56, 6, 37, <State.eLeft: (1,)>, False, False)
2020-01-21 11:34:28,400 - wiirunner - INFO - ('cycle, time, frame, direction:', 57, 5, 36, <State.eLeft: (1,)>, False, False)
2020-01-21 11:34:28,664 - wiirunner - INFO - ('cycle, time, frame, direction:', 58, 4, 36, <State.eLeft: (1,)>, False, False)
2020-01-21 11:34:28,794 - wiirunner - INFO - ('cycle, time, frame, direction:', 59, 2, 41, <State.eLeft: (1,)>, False, False)
2020-01-21 11:34:28,991 - wiirunner - INFO - ('cycle, time, frame, direction:', 60, 5, 46, <State.eLeft: (1,)>, False, False)
2020-01-21 11:34:29,167 - wiirunner - INFO - ('cycle, time, frame, direction:', 61, 3, 45, <State.eLeft: (1,)>, False, False)
2020-01-21 11:34:29,303 - wiirunner - INFO - ('cycle, time, frame, direction:', 62, 2, 45, <State.eLeft: (1,)>, False, False)
2020-01-21 11:34:29,505 - wiirunner - INFO - ('cycle, time, frame, direction:', 63, 2, 44, <State.eLeft: (1,)>, False, False)
2020-01-21 11:34:29,605 - wiirunner - INFO - ('cycle, time, frame, direction:', 64, 1, 44, <State.eLeft: (1,)>, False, False)
2020-01-21 11:34:29,713 - wiirunner - INFO - ('cycle, time, frame, direction:', 65, 1, 43, <State.eLeft: (1,)>, False, False)
2020-01-21 11:34:29,811 - wiirunner - INFO - ('cycle, time, frame, direction:', 66, 1, 42, <State.eLeft: (1,)>, False, False)
2020-01-21 11:34:29,908 - wiirunner - INFO - ('cycle, time, frame, direction:', 67, 1, 42, <State.eLeft: (1,)>, False, False)
2020-01-21 11:34:30,005 - wiirunner - INFO - ('cycle, time, frame, direction:', 68, 1, 41, <State.eLeft: (1,)>, False, False)
2020-01-21 11:34:30,170 - wiirunner - INFO - ('cycle, time, frame, direction:', 69, 2, 46, <State.eLeft: (1,)>, False, False)
2020-01-21 11:34:30,279 - wiirunner - INFO - ('cycle, time, frame, direction:', 70, 2, 50, <State.eLeft: (1,)>, False, False)
2020-01-21 11:34:30,442 - wiirunner - INFO - ('cycle, time, frame, direction:', 71, 2, 54, <State.eLeft: (1,)>, False, False)
2020-01-21 11:34:30,618 - wiirunner - INFO - ('cycle, time, frame, direction:', 72, 2, 54, <State.eLeft: (1,)>, False, False)
2020-01-21 11:34:30,712 - wiirunner - INFO - ('cycle, time, frame, direction:', 73, 1, 53, <State.eLeft: (1,)>, False, False)
2020-01-21 11:34:30,799 - wiirunner - INFO - ('cycle, time, frame, direction:', 74, 1, 57, <State.eLeft: (1,)>, False, False)
2020-01-21 11:34:30,867 - wiirunner - INFO - ('cycle, time, frame, direction:', 75, 1, 56, <State.eLeft: (1,)>, False, False)
2020-01-21 11:34:30,979 - wiirunner - INFO - ('cycle, time, frame, direction:', 76, 1, 56, <State.eLeft: (1,)>, False, False)
2020-01-21 11:34:31,078 - wiirunner - INFO - ('cycle, time, frame, direction:', 77, 1, 55, <State.eLeft: (1,)>, False, False)
2020-01-21 11:34:31,207 - wiirunner - INFO - ('cycle, time, frame, direction:', 78, 1, 59, <State.eLeft: (1,)>, False, False)
2020-01-21 11:34:31,316 - wiirunner - INFO - ('cycle, time, frame, direction:', 79, 1, 62, <State.eLeft: (1,)>, False, False)
2020-01-21 11:34:31,417 - wiirunner - INFO - ('cycle, time, frame, direction:', 80, 1, 62, <State.eLeft: (1,)>, False, False)
2020-01-21 11:34:31,566 - wiirunner - INFO - ('cycle, time, frame, direction:', 81, 1, 61, <State.eLeft: (1,)>, False, False)
2020-01-21 11:34:31,698 - wiirunner - INFO - ('cycle, time, frame, direction:', 82, 1, 65, <State.eLeft: (1,)>, False, False)
2020-01-21 11:34:31,762 - wiirunner - INFO - ('cycle, time, frame, direction:', 83, 1, 64, <State.eLeft: (1,)>, False, False)
2020-01-21 11:34:31,847 - wiirunner - INFO - ('cycle, time, frame, direction:', 84, 1, 67, <State.eLeft: (1,)>, False, False)
2020-01-21 11:34:31,998 - wiirunner - INFO - ('cycle, time, frame, direction:', 85, 2, 71, <State.eLeft: (1,)>, False, False)
2020-01-21 11:34:32,080 - wiirunner - INFO - ('cycle, time, frame, direction:', 86, 1, 74, <State.eLeft: (1,)>, False, False)
2020-01-21 11:34:32,192 - wiirunner - INFO - ('cycle, time, frame, direction:', 87, 1, 77, <State.eLeft: (1,)>, False, False)
2020-01-21 11:34:32,327 - wiirunner - INFO - ('cycle, time, frame, direction:', 88, 1, 76, <State.eLeft: (1,)>, False, False)
2020-01-21 11:34:32,453 - wiirunner - INFO - ('cycle, time, frame, direction:', 89, 1, 79, <State.eLeft: (1,)>, False, False)
2020-01-21 11:34:32,548 - wiirunner - INFO - ('cycle, time, frame, direction:', 90, 1, 79, <State.eLeft: (1,)>, False, False)
2020-01-21 11:34:32,726 - wiirunner - INFO - ('cycle, time, frame, direction:', 91, 2, 78, <State.eLeft: (1,)>, False, False)
2020-01-21 11:34:32,866 - wiirunner - INFO - ('cycle, time, frame, direction:', 92, 1, 81, <State.eLeft: (1,)>, False, False)
2020-01-21 11:34:32,983 - wiirunner - INFO - ('cycle, time, frame, direction:', 93, 1, 80, <State.eLeft: (1,)>, False, False)
2020-01-21 11:34:33,076 - wiirunner - INFO - ('cycle, time, frame, direction:', 94, 1, 79, <State.eLeft: (1,)>, False, False)
2020-01-21 11:34:33,174 - wiirunner - INFO - ('cycle, time, frame, direction:', 95, 1, 82, <State.eLeft: (1,)>, False, False)
2020-01-21 11:34:33,279 - wiirunner - INFO - ('cycle, time, frame, direction:', 96, 1, 85, <State.eLeft: (1,)>, False, False)
2020-01-21 11:34:33,380 - wiirunner - INFO - ('cycle, time, frame, direction:', 97, 1, 84, <State.eLeft: (1,)>, False, False)
2020-01-21 11:34:33,485 - wiirunner - INFO - ('cycle, time, frame, direction:', 98, 1, 83, <State.eLeft: (1,)>, False, False)
2020-01-21 11:34:33,637 - wiirunner - INFO - ('cycle, time, frame, direction:', 99, 1, 82, <State.eLeft: (1,)>, False, False)
2020-01-21 11:34:33,789 - wiirunner - INFO - ('cycle, time, frame, direction:', 100, 1, 82, <State.eLeft: (1,)>, False, False)
2020-01-21 11:34:33,889 - wiirunner - INFO - ('cycle, time, frame, direction:', 101, 1, 81, <State.eLeft: (1,)>, False, False)
2020-01-21 11:34:33,990 - wiirunner - INFO - ('cycle, time, frame, direction:', 102, 1, 80, <State.eLeft: (1,)>, False, False)
2020-01-21 11:34:34,138 - wiirunner - INFO - ('cycle, time, frame, direction:', 103, 1, 80, <State.eLeft: (1,)>, False, False)
2020-01-21 11:34:34,233 - wiirunner - INFO - ('cycle, time, frame, direction:', 104, 1, 82, <State.eLeft: (1,)>, False, False)
2020-01-21 11:34:34,378 - wiirunner - INFO - ('cycle, time, frame, direction:', 105, 2, 81, <State.eLeft: (1,)>, False, False)
2020-01-21 11:34:34,495 - wiirunner - INFO - ('cycle, time, frame, direction:', 106, 1, 84, <State.eLeft: (1,)>, False, False)
2020-01-21 11:34:34,624 - wiirunner - INFO - ('cycle, time, frame, direction:', 107, 1, 83, <State.eLeft: (1,)>, False, False)
2020-01-21 11:34:34,716 - wiirunner - INFO - ('cycle, time, frame, direction:', 108, 1, 82, <State.eLeft: (1,)>, False, False)
2020-01-21 11:34:34,955 - wiirunner - INFO - ('cycle, time, frame, direction:', 109, 3, 81, <State.eLeft: (1,)>, False, False)
2020-01-21 11:34:35,304 - wiirunner - INFO - ('cycle, time, frame, direction:', 110, 5, 81, <State.eLeft: (1,)>, False, False)
2020-01-21 11:34:35,425 - wiirunner - INFO - ('cycle, time, frame, direction:', 111, 2, 80, <State.eLeft: (1,)>, False, False)
2020-01-21 11:34:35,647 - wiirunner - INFO - ('cycle, time, frame, direction:', 112, 2, 83, <State.eLeft: (1,)>, False, False)
2020-01-21 11:34:35,876 - wiirunner - INFO - ('cycle, time, frame, direction:', 113, 3, 82, <State.eLeft: (1,)>, False, False)
2020-01-21 11:34:36,036 - wiirunner - INFO - ('cycle, time, frame, direction:', 114, 1, 81, <State.eLeft: (1,)>, False, False)
2020-01-21 11:34:36,178 - wiirunner - INFO - ('cycle, time, frame, direction:', 115, 1, 84, <State.eLeft: (1,)>, False, False)
2020-01-21 11:34:36,277 - wiirunner - INFO - ('cycle, time, frame, direction:', 116, 1, 83, <State.eLeft: (1,)>, False, False)
2020-01-21 11:34:36,383 - wiirunner - INFO - ('cycle, time, frame, direction:', 117, 1, 85, <State.eLeft: (1,)>, False, False)
2020-01-21 11:34:36,719 - wiirunner - INFO - ('cycle, time, frame, direction:', 118, 5, 88, <State.eLeft: (1,)>, False, False)
2020-01-21 11:34:38,003 - wiirunner - INFO - ('cycle, time, frame, direction:', 119, 21, 87, <State.eLeft: (1,)>, False, False)
2020-01-21 11:34:38,139 - wiirunner - INFO - ('cycle, time, frame, direction:', 120, 2, 89, <State.eLeft: (1,)>, False, False)
2020-01-21 11:34:38,348 - wiirunner - INFO - ('cycle, time, frame, direction:', 121, 3, 91, <State.eLeft: (1,)>, False, False)
2020-01-21 11:34:38,580 - wiirunner - INFO - ('cycle, time, frame, direction:', 122, 3, 93, <State.eLeft: (1,)>, False, False)
2020-01-21 11:34:38,877 - wiirunner - INFO - ('cycle, time, frame, direction:', 123, 4, 95, <State.eLeft: (1,)>, False, False)
2020-01-21 11:34:39,053 - wiirunner - INFO - ('cycle, time, frame, direction:', 124, 2, 97, <State.eLeft: (1,)>, False, False)
2020-01-21 11:34:39,282 - wiirunner - INFO - ('cycle, time, frame, direction:', 125, 2, 97, <State.eLeft: (1,)>, False, False)
2020-01-21 11:34:39,616 - wiirunner - INFO - ('cycle, time, frame, direction:', 126, 5, 99, <State.eLeft: (1,)>, False, False)
2020-01-21 11:34:39,827 - wiirunner - INFO - ('cycle, time, frame, direction:', 127, 2, 98, <State.eLeft: (1,)>, False, False)
2020-01-21 11:34:40,167 - wiirunner - INFO - ('cycle, time, frame, direction:', 128, 3, 97, <State.eLeft: (1,)>, False, False)
2020-01-21 11:34:40,499 - wiirunner - INFO - ('cycle, time, frame, direction:', 129, 3, 99, <State.eLeft: (1,)>, False, False)
2020-01-21 11:34:40,679 - wiirunner - INFO - ('cycle, time, frame, direction:', 130, 1, 99, <State.eLeft: (1,)>, False, False)
2020-01-21 11:34:41,228 - wiirunner - INFO - ('cycle, time, frame, direction:', 131, 5, 101, <State.eLeft: (1,)>, False, False)
2020-01-21 11:34:41,647 - wiirunner - INFO - ('cycle, time, frame, direction:', 132, 6, 102, <State.eLeft: (1,)>, False, False)
2020-01-21 11:34:44,422 - wiirunner - INFO - ('cycle, time, frame, direction:', 133, 44, 104, <State.eLeft: (1,)>, False, False)
2020-01-21 11:34:45,249 - wiirunner - INFO - ('cycle, time, frame, direction:', 134, 19, 106, <State.eLeft: (1,)>, False, False)
2020-01-21 11:34:45,472 - wiirunner - INFO - ('cycle, time, frame, direction:', 135, 2, 105, <State.eLeft: (1,)>, False, False)
2020-01-21 11:34:45,614 - wiirunner - INFO - ('cycle, time, frame, direction:', 136, 1, 105, <State.eLeft: (1,)>, False, False)
2020-01-21 11:34:45,745 - wiirunner - INFO - ('cycle, time, frame, direction:', 137, 1, 104, <State.eLeft: (1,)>, False, False)
2020-01-21 11:34:45,854 - wiirunner - INFO - ('cycle, time, frame, direction:', 138, 1, 103, <State.eLeft: (1,)>, False, False)
2020-01-21 11:34:45,912 - wiirunner - INFO - ('cycle, time, frame, direction:', 139, 1, 102, <State.eLeft: (1,)>, False, False)
2020-01-21 11:34:46,032 - wiirunner - INFO - ('cycle, time, frame, direction:', 140, 1, 102, <State.eLeft: (1,)>, False, False)
2020-01-21 11:34:46,122 - wiirunner - INFO - ('cycle, time, frame, direction:', 141, 1, 101, <State.eLeft: (1,)>, False, False)
2020-01-21 11:34:46,218 - wiirunner - INFO - ('cycle, time, frame, direction:', 142, 1, 100, <State.eLeft: (1,)>, False, False)
2020-01-21 11:34:46,330 - wiirunner - INFO - ('cycle, time, frame, direction:', 143, 1, 100, <State.eLeft: (1,)>, False, False)
2020-01-21 11:34:46,461 - wiirunner - INFO - ('cycle, time, frame, direction:', 144, 1, 99, <State.eLeft: (1,)>, False, False)
2020-01-21 11:34:46,623 - wiirunner - INFO - ('cycle, time, frame, direction:', 145, 1, 99, <State.eLeft: (1,)>, False, False)
2020-01-21 11:34:46,748 - wiirunner - INFO - ('cycle, time, frame, direction:', 146, 1, 98, <State.eLeft: (1,)>, False, False)
2020-01-21 11:34:47,570 - wiirunner - INFO - ('cycle, time, frame, direction:', 147, 8, 100, <State.eLeft: (1,)>, False, False)
2020-01-21 11:34:47,722 - wiirunner - INFO - ('cycle, time, frame, direction:', 148, 1, 99, <State.eLeft: (1,)>, False, False)
2020-01-21 11:34:47,884 - wiirunner - INFO - ('cycle, time, frame, direction:', 149, 1, 98, <State.eLeft: (1,)>, False, False)
2020-01-21 11:34:48,025 - wiirunner - INFO - ('cycle, time, frame, direction:', 150, 1, 98, <State.eLeft: (1,)>, False, False)
2020-01-21 11:34:48,194 - wiirunner - INFO - ('cycle, time, frame, direction:', 151, 1, 97, <State.eLeft: (1,)>, False, False)
2020-01-21 11:34:48,468 - wiirunner - INFO - ('cycle, time, frame, direction:', 152, 2, 97, <State.eLeft: (1,)>, False, False)
2020-01-21 11:34:49,026 - wiirunner - INFO - ('cycle, time, frame, direction:', 153, 5, 96, <State.eLeft: (1,)>, False, False)
2020-01-21 11:34:49,575 - wiirunner - INFO - ('cycle, time, frame, direction:', 154, 4, 95, <State.eLeft: (1,)>, False, False)
2020-01-21 11:34:49,758 - wiirunner - INFO - ('cycle, time, frame, direction:', 155, 1, 97, <State.eLeft: (1,)>, False, False)
2020-01-21 11:34:49,921 - wiirunner - INFO - ('cycle, time, frame, direction:', 156, 1, 99, <State.eLeft: (1,)>, False, False)
2020-01-21 11:34:50,091 - wiirunner - INFO - ('cycle, time, frame, direction:', 157, 1, 98, <State.eLeft: (1,)>, False, False)
2020-01-21 11:34:50,257 - wiirunner - INFO - ('cycle, time, frame, direction:', 158, 1, 97, <State.eLeft: (1,)>, False, False)
2020-01-21 11:34:50,575 - wiirunner - INFO - ('cycle, time, frame, direction:', 159, 3, 97, <State.eLeft: (1,)>, False, False)
2020-01-21 11:34:51,186 - wiirunner - INFO - ('cycle, time, frame, direction:', 160, 6, 96, <State.eLeft: (1,)>, False, False)
2020-01-21 11:34:51,438 - wiirunner - INFO - ('cycle, time, frame, direction:', 161, 2, 96, <State.eLeft: (1,)>, False, False)
2020-01-21 11:34:51,742 - wiirunner - INFO - ('cycle, time, frame, direction:', 162, 2, 95, <State.eLeft: (1,)>, False, False)
2020-01-21 11:34:51,851 - wiirunner - INFO - ('cycle, time, frame, direction:', 163, 1, 95, <State.eLeft: (1,)>, False, False)
2020-01-21 11:34:52,007 - wiirunner - INFO - ('cycle, time, frame, direction:', 164, 1, 94, <State.eLeft: (1,)>, False, False)
2020-01-21 11:34:52,155 - wiirunner - INFO - ('cycle, time, frame, direction:', 165, 1, 96, <State.eLeft: (1,)>, False, False)
2020-01-21 11:34:52,313 - wiirunner - INFO - ('cycle, time, frame, direction:', 166, 1, 95, <State.eLeft: (1,)>, False, False)
2020-01-21 11:34:52,451 - wiirunner - INFO - ('cycle, time, frame, direction:', 167, 1, 97, <State.eLeft: (1,)>, False, False)
2020-01-21 11:34:52,740 - wiirunner - INFO - ('cycle, time, frame, direction:', 168, 2, 96, <State.eLeft: (1,)>, False, False)
2020-01-21 11:34:52,878 - wiirunner - INFO - ('cycle, time, frame, direction:', 169, 1, 96, <State.eLeft: (1,)>, False, False)
2020-01-21 11:34:53,007 - wiirunner - INFO - ('cycle, time, frame, direction:', 170, 1, 95, <State.eLeft: (1,)>, False, False)
2020-01-21 11:34:53,426 - wiirunner - INFO - ('cycle, time, frame, direction:', 171, 4, 97, <State.eLeft: (1,)>, False, False)
2020-01-21 11:34:53,993 - wiirunner - INFO - ('cycle, time, frame, direction:', 172, 8, 98, <State.eLeft: (1,)>, False, False)
2020-01-21 11:34:54,236 - wiirunner - INFO - ('cycle, time, frame, direction:', 173, 3, 100, <State.eLeft: (1,)>, False, False)
2020-01-21 11:34:54,482 - wiirunner - INFO - ('cycle, time, frame, direction:', 174, 2, 101, <State.eLeft: (1,)>, False, False)
2020-01-21 11:34:54,627 - wiirunner - INFO - ('cycle, time, frame, direction:', 175, 1, 101, <State.eLeft: (1,)>, False, False)
2020-01-21 11:34:54,753 - wiirunner - INFO - ('cycle, time, frame, direction:', 176, 1, 100, <State.eLeft: (1,)>, False, False)
2020-01-21 11:34:54,938 - wiirunner - INFO - ('cycle, time, frame, direction:', 177, 1, 99, <State.eLeft: (1,)>, False, False)
2020-01-21 11:34:55,071 - wiirunner - INFO - ('cycle, time, frame, direction:', 178, 1, 101, <State.eLeft: (1,)>, False, False)
2020-01-21 11:34:55,166 - wiirunner - INFO - ('cycle, time, frame, direction:', 179, 1, 102, <State.eLeft: (1,)>, False, False)
2020-01-21 11:34:55,230 - wiirunner - INFO - ('cycle, time, frame, direction:', 180, 1, 103, <State.eLeft: (1,)>, False, False)
2020-01-21 11:34:55,432 - wiirunner - INFO - ('cycle, time, frame, direction:', 181, 3, 105, <State.eLeft: (1,)>, False, False)
2020-01-21 11:34:55,649 - wiirunner - INFO - ('cycle, time, frame, direction:', 182, 2, 104, <State.eLeft: (1,)>, False, False)
2020-01-21 11:34:55,881 - wiirunner - INFO - ('cycle, time, frame, direction:', 183, 2, 104, <State.eLeft: (1,)>, False, False)
2020-01-21 11:34:56,068 - wiirunner - INFO - ('cycle, time, frame, direction:', 184, 2, 103, <State.eLeft: (1,)>, False, False)
2020-01-21 11:34:56,168 - wiirunner - INFO - ('cycle, time, frame, direction:', 185, 1, 105, <State.eLeft: (1,)>, False, False)
2020-01-21 11:34:56,301 - wiirunner - INFO - ('cycle, time, frame, direction:', 186, 2, 106, <State.eLeft: (1,)>, False, False)
2020-01-21 11:34:56,703 - wiirunner - INFO - ('cycle, time, frame, direction:', 187, 4, 107, <State.eLeft: (1,)>, False, False)
2020-01-21 11:34:56,995 - wiirunner - INFO - ('cycle, time, frame, direction:', 188, 4, 108, <State.eLeft: (1,)>, False, False)
2020-01-21 11:34:57,197 - wiirunner - INFO - ('cycle, time, frame, direction:', 189, 3, 110, <State.eLeft: (1,)>, False, False)
2020-01-21 11:34:57,365 - wiirunner - INFO - ('cycle, time, frame, direction:', 190, 2, 111, <State.eLeft: (1,)>, False, False)
2020-01-21 11:34:57,765 - wiirunner - INFO - ('cycle, time, frame, direction:', 191, 6, 112, <State.eLeft: (1,)>, False, False)
2020-01-21 11:34:57,964 - wiirunner - INFO - ('cycle, time, frame, direction:', 192, 3, 113, <State.eLeft: (1,)>, False, False)
2020-01-21 11:34:58,144 - wiirunner - INFO - ('cycle, time, frame, direction:', 193, 3, 114, <State.eLeft: (1,)>, False, False)
2020-01-21 11:34:59,027 - wiirunner - INFO - ('cycle, time, frame, direction:', 194, 13, 116, <State.eLeft: (1,)>, False, False)
2020-01-21 11:34:59,638 - wiirunner - INFO - ('cycle, time, frame, direction:', 195, 9, 115, <State.eLeft: (1,)>, False, False)
2020-01-21 11:34:59,857 - wiirunner - INFO - ('cycle, time, frame, direction:', 196, 2, 116, <State.eLeft: (1,)>, False, False)
2020-01-21 11:35:01,086 - wiirunner - INFO - ('cycle, time, frame, direction:', 197, 12, 118, <State.eLeft: (1,)>, False, False)
2020-01-21 11:35:01,222 - wiirunner - INFO - ('cycle, time, frame, direction:', 198, 1, 117, <State.eLeft: (1,)>, False, False)
2020-01-21 11:35:01,361 - wiirunner - INFO - ('cycle, time, frame, direction:', 199, 1, 116, <State.eLeft: (1,)>, False, False)
2020-01-21 11:35:01,581 - wiirunner - INFO - ('cycle, time, frame, direction:', 200, 2, 118, <State.eLeft: (1,)>, False, False)
2020-01-21 11:35:01,938 - wiirunner - INFO - ('cycle, time, frame, direction:', 201, 5, 119, <State.eLeft: (1,)>, False, False)
2020-01-21 11:35:02,502 - wiirunner - INFO - ('cycle, time, frame, direction:', 202, 8, 120, <State.eLeft: (1,)>, False, False)
2020-01-21 11:35:02,969 - wiirunner - INFO - ('cycle, time, frame, direction:', 203, 7, 121, <State.eLeft: (1,)>, False, False)
2020-01-21 11:35:03,174 - wiirunner - INFO - ('cycle, time, frame, direction:', 204, 3, 120, <State.eLeft: (1,)>, False, False)
2020-01-21 11:35:03,340 - wiirunner - INFO - ('cycle, time, frame, direction:', 205, 1, 120, <State.eLeft: (1,)>, False, False)
2020-01-21 11:35:03,612 - wiirunner - INFO - ('cycle, time, frame, direction:', 206, 2, 119, <State.eLeft: (1,)>, False, False)
2020-01-21 11:35:03,766 - wiirunner - INFO - ('cycle, time, frame, direction:', 207, 1, 119, <State.eLeft: (1,)>, False, False)
2020-01-21 11:35:03,878 - wiirunner - INFO - ('cycle, time, frame, direction:', 208, 1, 120, <State.eLeft: (1,)>, False, False)
2020-01-21 11:35:03,977 - wiirunner - INFO - ('cycle, time, frame, direction:', 209, 1, 121, <State.eLeft: (1,)>, False, False)
2020-01-21 11:35:04,145 - wiirunner - INFO - ('cycle, time, frame, direction:', 210, 2, 122, <State.eLeft: (1,)>, False, False)
2020-01-21 11:35:04,434 - wiirunner - INFO - ('cycle, time, frame, direction:', 211, 4, 122, <State.eLeft: (1,)>, False, False)
2020-01-21 11:35:04,871 - wiirunner - INFO - ('cycle, time, frame, direction:', 212, 7, 121, <State.eLeft: (1,)>, False, False)
2020-01-21 11:35:05,113 - wiirunner - INFO - ('cycle, time, frame, direction:', 213, 3, 122, <State.eLeft: (1,)>, False, False)
2020-01-21 11:35:05,277 - wiirunner - INFO - ('cycle, time, frame, direction:', 214, 2, 122, <State.eLeft: (1,)>, False, False)
2020-01-21 11:35:05,384 - wiirunner - INFO - ('cycle, time, frame, direction:', 215, 1, 121, <State.eLeft: (1,)>, False, False)
2020-01-21 11:35:05,487 - wiirunner - INFO - ('cycle, time, frame, direction:', 216, 1, 121, <State.eLeft: (1,)>, False, False)
2020-01-21 11:35:05,609 - wiirunner - INFO - ('cycle, time, frame, direction:', 217, 1, 122, <State.eLeft: (1,)>, False, False)
2020-01-21 11:35:05,674 - wiirunner - INFO - ('cycle, time, frame, direction:', 218, 1, 123, <State.eLeft: (1,)>, False, False)
2020-01-21 11:35:05,773 - wiirunner - INFO - ('cycle, time, frame, direction:', 219, 1, 122, <State.eLeft: (1,)>, False, False)
2020-01-21 11:35:05,905 - wiirunner - INFO - ('cycle, time, frame, direction:', 220, 2, 122, <State.eLeft: (1,)>, False, False)
2020-01-21 11:35:06,040 - wiirunner - INFO - ('cycle, time, frame, direction:', 221, 2, 121, <State.eLeft: (1,)>, False, False)
2020-01-21 11:35:06,270 - wiirunner - INFO - ('cycle, time, frame, direction:', 222, 3, 121, <State.eLeft: (1,)>, False, False)
2020-01-21 11:35:06,942 - wiirunner - INFO - ('cycle, time, frame, direction:', 223, 10, 120, <State.eLeft: (1,)>, False, False)
2020-01-21 11:35:07,409 - wiirunner - INFO - ('cycle, time, frame, direction:', 224, 7, 120, <State.eLeft: (1,)>, False, False)
2020-01-21 11:35:07,741 - wiirunner - INFO - ('cycle, time, frame, direction:', 225, 5, 119, <State.eLeft: (1,)>, False, False)
2020-01-21 11:35:07,875 - wiirunner - INFO - ('cycle, time, frame, direction:', 226, 2, 119, <State.eLeft: (1,)>, False, False)
2020-01-21 11:35:08,007 - wiirunner - INFO - ('cycle, time, frame, direction:', 227, 2, 118, <State.eLeft: (1,)>, False, False)
2020-01-21 11:35:08,112 - wiirunner - INFO - ('cycle, time, frame, direction:', 228, 1, 118, <State.eLeft: (1,)>, False, False)
2020-01-21 11:35:08,212 - wiirunner - INFO - ('cycle, time, frame, direction:', 229, 1, 117, <State.eLeft: (1,)>, False, False)
2020-01-21 11:35:08,315 - wiirunner - INFO - ('cycle, time, frame, direction:', 230, 1, 117, <State.eLeft: (1,)>, False, False)
2020-01-21 11:35:08,412 - wiirunner - INFO - ('cycle, time, frame, direction:', 231, 1, 118, <State.eLeft: (1,)>, False, False)
2020-01-21 11:35:08,578 - wiirunner - INFO - ('cycle, time, frame, direction:', 232, 2, 117, <State.eLeft: (1,)>, False, False)
2020-01-21 11:35:08,783 - wiirunner - INFO - ('cycle, time, frame, direction:', 233, 2, 118, <State.eLeft: (1,)>, False, False)
2020-01-21 11:35:08,885 - wiirunner - INFO - ('cycle, time, frame, direction:', 234, 1, 119, <State.eLeft: (1,)>, False, False)
2020-01-21 11:35:09,131 - wiirunner - INFO - ('cycle, time, frame, direction:', 235, 2, 119, <State.eLeft: (1,)>, False, False)
2020-01-21 11:35:09,470 - wiirunner - INFO - ('cycle, time, frame, direction:', 236, 3, 118, <State.eLeft: (1,)>, False, False)
2020-01-21 11:35:09,900 - wiirunner - INFO - ('cycle, time, frame, direction:', 237, 3, 118, <State.eLeft: (1,)>, False, False)
2020-01-21 11:35:10,516 - wiirunner - INFO - ('cycle, time, frame, direction:', 238, 6, 119, <State.eLeft: (1,)>, False, False)
2020-01-21 11:35:11,555 - wiirunner - INFO - ('cycle, time, frame, direction:', 239, 15, 120, <State.eLeft: (1,)>, False, False)
2020-01-21 11:35:12,917 - wiirunner - INFO - ('cycle, time, frame, direction:', 240, 20, 121, <State.eLeft: (1,)>, False, False)
2020-01-21 11:35:15,210 - wiirunner - INFO - ('cycle, time, frame, direction:', 241, 37, 122, <State.eLeft: (1,)>, False, False)
2020-01-21 11:35:15,765 - wiirunner - INFO - ('cycle, time, frame, direction:', 242, 9, 123, <State.eLeft: (1,)>, False, False)
2020-01-21 11:35:20,751 - wiirunner - INFO - ('cycle, time, frame, direction:', 243, 76, 123, <State.eLeft: (1,)>, False, False)
2020-01-21 11:35:26,519 - wiirunner - INFO - ('cycle, time, frame, direction:', 244, 90, 124, <State.eLeft: (1,)>, False, False)
2020-01-21 11:35:28,890 - wiirunner - INFO - ('cycle, time, frame, direction:', 245, 43, 125, <State.eLeft: (1,)>, False, False)
2020-01-21 11:35:30,902 - wiirunner - INFO - ('cycle, time, frame, direction:', 246, 31, 126, <State.eLeft: (1,)>, False, False)
2020-01-21 11:35:34,229 - wiirunner - INFO - ('cycle, time, frame, direction:', 247, 50, 127, <State.eLeft: (1,)>, False, False)
2020-01-21 11:35:41,531 - wiirunner - INFO - ('cycle, time, frame, direction:', 248, 120, 128, <State.eLeft: (1,)>, False, False)
2020-01-21 11:35:42,245 - wiirunner - INFO - ('cycle, time, frame, direction:', 249, 11, 129, <State.eLeft: (1,)>, False, False)
2020-01-21 11:35:44,185 - wiirunner - INFO - ('cycle, time, frame, direction:', 250, 29, 128, <State.eLeft: (1,)>, False, False)
2020-01-21 11:35:45,150 - wiirunner - INFO - ('cycle, time, frame, direction:', 251, 14, 129, <State.eLeft: (1,)>, False, False)
2020-01-21 11:35:46,044 - wiirunner - INFO - ('cycle, time, frame, direction:', 252, 13, 130, <State.eLeft: (1,)>, False, False)
2020-01-21 11:35:47,419 - wiirunner - INFO - ('cycle, time, frame, direction:', 253, 21, 131, <State.eLeft: (1,)>, False, False)
2020-01-21 11:35:48,385 - wiirunner - INFO - ('cycle, time, frame, direction:', 254, 14, 132, <State.eLeft: (1,)>, False, False)
2020-01-21 11:35:49,846 - wiirunner - INFO - ('cycle, time, frame, direction:', 255, 22, 131, <State.eLeft: (1,)>, False, False)
2020-01-21 11:35:50,514 - wiirunner - INFO - ('cycle, time, frame, direction:', 256, 15, 132, <State.eLeft: (1,)>, False, False)
2020-01-21 11:35:53,353 - wiirunner - INFO - ('cycle, time, frame, direction:', 257, 46, 133, <State.eLeft: (1,)>, False, False)
2020-01-21 11:35:55,313 - wiirunner - INFO - ('cycle, time, frame, direction:', 258, 31, 132, <State.eLeft: (1,)>, False, False)
2020-01-21 11:35:57,682 - wiirunner - INFO - ('cycle, time, frame, direction:', 259, 54, 133, <State.eLeft: (1,)>, False, False)
2020-01-21 11:35:59,857 - wiirunner - INFO - ('cycle, time, frame, direction:', 260, 33, 134, <State.eLeft: (1,)>, False, False)
2020-01-21 11:36:01,906 - wiirunner - INFO - ('cycle, time, frame, direction:', 261, 30, 135, <State.eLeft: (1,)>, False, False)
2020-01-21 11:36:06,129 - wiirunner - INFO - ('cycle, time, frame, direction:', 262, 63, 136, <State.eLeft: (1,)>, False, False)
2020-01-21 11:36:08,670 - wiirunner - INFO - ('cycle, time, frame, direction:', 263, 42, 137, <State.eLeft: (1,)>, False, False)
2020-01-21 11:36:09,365 - wiirunner - INFO - ('cycle, time, frame, direction:', 264, 18, 137, <State.eLeft: (1,)>, False, False)
2020-01-21 11:36:10,634 - wiirunner - INFO - ('cycle, time, frame, direction:', 265, 19, 137, <State.eLeft: (1,)>, False, False)
2020-01-21 11:36:10,963 - wiirunner - INFO - ('cycle, time, frame, direction:', 266, 6, 137, <State.eLeft: (1,)>, False, False)
2020-01-21 11:36:12,142 - wiirunner - INFO - ('cycle, time, frame, direction:', 267, 18, 138, <State.eLeft: (1,)>, False, False)
2020-01-21 11:36:14,642 - wiirunner - INFO - ('cycle, time, frame, direction:', 268, 37, 139, <State.eLeft: (1,)>, False, False)
2020-01-21 11:36:16,109 - wiirunner - INFO - ('cycle, time, frame, direction:', 269, 27, 139, <State.eLeft: (1,)>, False, False)
2020-01-21 11:36:16,851 - wiirunner - INFO - ('cycle, time, frame, direction:', 270, 12, 138, <State.eLeft: (1,)>, False, False)
2020-01-21 11:36:17,020 - wiirunner - INFO - ('cycle, time, frame, direction:', 271, 1, 138, <State.eLeft: (1,)>, False, False)
2020-01-21 11:36:17,159 - wiirunner - INFO - ('cycle, time, frame, direction:', 272, 1, 137, <State.eLeft: (1,)>, False, False)
2020-01-21 11:36:17,392 - wiirunner - INFO - ('cycle, time, frame, direction:', 273, 3, 137, <State.eLeft: (1,)>, False, False)
2020-01-21 11:36:17,542 - wiirunner - INFO - ('cycle, time, frame, direction:', 274, 1, 136, <State.eLeft: (1,)>, False, False)
2020-01-21 11:36:17,703 - wiirunner - INFO - ('cycle, time, frame, direction:', 275, 1, 136, <State.eLeft: (1,)>, False, False)
2020-01-21 11:36:17,816 - wiirunner - INFO - ('cycle, time, frame, direction:', 276, 1, 136, <State.eLeft: (1,)>, False, False)
2020-01-21 11:36:17,982 - wiirunner - INFO - ('cycle, time, frame, direction:', 277, 2, 136, <State.eLeft: (1,)>, False, False)
2020-01-21 11:36:18,147 - wiirunner - INFO - ('cycle, time, frame, direction:', 278, 2, 137, <State.eLeft: (1,)>, False, False)
2020-01-21 11:36:18,249 - wiirunner - INFO - ('cycle, time, frame, direction:', 279, 1, 138, <State.eLeft: (1,)>, False, False)
2020-01-21 11:36:18,346 - wiirunner - INFO - ('cycle, time, frame, direction:', 280, 1, 138, <State.eLeft: (1,)>, False, False)
2020-01-21 11:36:18,411 - wiirunner - INFO - ('cycle, time, frame, direction:', 281, 1, 138, <State.eLeft: (1,)>, False, False)
2020-01-21 11:36:18,515 - wiirunner - INFO - ('cycle, time, frame, direction:', 282, 1, 137, <State.eLeft: (1,)>, False, False)
2020-01-21 11:36:18,608 - wiirunner - INFO - ('cycle, time, frame, direction:', 283, 1, 137, <State.eLeft: (1,)>, False, False)
2020-01-21 11:36:18,742 - wiirunner - INFO - ('cycle, time, frame, direction:', 284, 2, 137, <State.eLeft: (1,)>, False, False)
2020-01-21 11:36:18,904 - wiirunner - INFO - ('cycle, time, frame, direction:', 285, 2, 136, <State.eLeft: (1,)>, False, False)
2020-01-21 11:36:19,442 - wiirunner - INFO - ('cycle, time, frame, direction:', 286, 9, 136, <State.eLeft: (1,)>, False, False)
2020-01-21 11:36:19,572 - wiirunner - INFO - ('cycle, time, frame, direction:', 287, 2, 135, <State.eLeft: (1,)>, False, False)
2020-01-21 11:36:19,687 - wiirunner - INFO - ('cycle, time, frame, direction:', 288, 2, 135, <State.eLeft: (1,)>, False, False)
2020-01-21 11:36:19,831 - wiirunner - INFO - ('cycle, time, frame, direction:', 289, 1, 134, <State.eLeft: (1,)>, False, False)
2020-01-21 11:36:19,920 - wiirunner - INFO - ('cycle, time, frame, direction:', 290, 1, 134, <State.eLeft: (1,)>, False, False)
2020-01-21 11:36:20,020 - wiirunner - INFO - ('cycle, time, frame, direction:', 291, 1, 133, <State.eLeft: (1,)>, False, False)
2020-01-21 11:36:20,123 - wiirunner - INFO - ('cycle, time, frame, direction:', 292, 1, 133, <State.eLeft: (1,)>, False, False)
2020-01-21 11:36:20,184 - wiirunner - INFO - ('cycle, time, frame, direction:', 293, 1, 134, <State.eLeft: (1,)>, False, False)
2020-01-21 11:36:20,321 - wiirunner - INFO - ('cycle, time, frame, direction:', 294, 2, 133, <State.eLeft: (1,)>, False, False)
2020-01-21 11:36:20,387 - wiirunner - INFO - ('cycle, time, frame, direction:', 295, 1, 133, <State.eLeft: (1,)>, False, False)
2020-01-21 11:36:20,488 - wiirunner - INFO - ('cycle, time, frame, direction:', 296, 1, 133, <State.eLeft: (1,)>, False, False)
2020-01-21 11:36:20,587 - wiirunner - INFO - ('cycle, time, frame, direction:', 297, 1, 132, <State.eLeft: (1,)>, False, False)
2020-01-21 11:36:20,685 - wiirunner - INFO - ('cycle, time, frame, direction:', 298, 1, 132, <State.eLeft: (1,)>, False, False)
2020-01-21 11:36:20,850 - wiirunner - INFO - ('cycle, time, frame, direction:', 299, 2, 131, <State.eLeft: (1,)>, False, False)
2020-01-21 11:36:21,217 - wiirunner - INFO - ('cycle, time, frame, direction:', 300, 5, 131, <State.eLeft: (1,)>, False, False)
2020-01-21 11:36:21,685 - wiirunner - INFO - ('cycle, time, frame, direction:', 301, 7, 130, <State.eLeft: (1,)>, False, False)
2020-01-21 11:36:22,246 - wiirunner - INFO - ('cycle, time, frame, direction:', 302, 9, 130, <State.eLeft: (1,)>, False, False)
2020-01-21 11:36:22,785 - wiirunner - INFO - ('cycle, time, frame, direction:', 303, 8, 130, <State.eLeft: (1,)>, False, False)
2020-01-21 11:36:23,448 - wiirunner - INFO - ('cycle, time, frame, direction:', 304, 10, 129, <State.eLeft: (1,)>, False, False)
2020-01-21 11:36:24,417 - wiirunner - INFO - ('cycle, time, frame, direction:', 305, 15, 129, <State.eLeft: (1,)>, False, False)
2020-01-21 11:36:26,218 - wiirunner - INFO - ('cycle, time, frame, direction:', 306, 47, 128, <State.eLeft: (1,)>, False, False)
2020-01-21 11:36:27,277 - wiirunner - INFO - ('cycle, time, frame, direction:', 307, 27, 128, <State.eLeft: (1,)>, False, False)
2020-01-21 11:36:28,451 - wiirunner - INFO - ('cycle, time, frame, direction:', 308, 18, 128, <State.eLeft: (1,)>, False, False)
2020-01-21 11:36:29,953 - wiirunner - INFO - ('cycle, time, frame, direction:', 309, 40, 127, <State.eLeft: (1,)>, False, False)
2020-01-21 11:36:31,521 - wiirunner - INFO - ('cycle, time, frame, direction:', 310, 24, 127, <State.eLeft: (1,)>, False, False)
2020-01-21 11:36:32,656 - wiirunner - INFO - ('cycle, time, frame, direction:', 311, 17, 127, <State.eLeft: (1,)>, False, False)
2020-01-21 11:36:34,295 - wiirunner - INFO - ('cycle, time, frame, direction:', 312, 33, 126, <State.eLeft: (1,)>, False, False)
2020-01-21 11:36:35,439 - wiirunner - INFO - ('cycle, time, frame, direction:', 313, 18, 126, <State.eLeft: (1,)>, False, False)
2020-01-21 11:36:35,960 - wiirunner - INFO - ('cycle, time, frame, direction:', 314, 8, 126, <State.eLeft: (1,)>, False, False)
2020-01-21 11:36:37,030 - wiirunner - INFO - ('cycle, time, frame, direction:', 315, 16, 125, <State.eLeft: (1,)>, False, False)
2020-01-21 11:36:38,166 - wiirunner - INFO - ('cycle, time, frame, direction:', 316, 18, 125, <State.eLeft: (1,)>, False, False)
2020-01-21 11:36:38,894 - wiirunner - INFO - ('cycle, time, frame, direction:', 317, 11, 124, <State.eLeft: (1,)>, False, False)
2020-01-21 11:36:39,258 - wiirunner - INFO - ('cycle, time, frame, direction:', 318, 7, 124, <State.eLeft: (1,)>, False, False)
2020-01-21 11:36:39,829 - wiirunner - INFO - ('cycle, time, frame, direction:', 319, 9, 124, <State.eLeft: (1,)>, False, False)
2020-01-21 11:36:39,983 - wiirunner - INFO - ('cycle, time, frame, direction:', 320, 2, 123, <State.eLeft: (1,)>, False, False)
2020-01-21 11:36:40,138 - wiirunner - INFO - ('cycle, time, frame, direction:', 321, 2, 123, <State.eLeft: (1,)>, False, False)
2020-01-21 11:36:40,272 - wiirunner - INFO - ('cycle, time, frame, direction:', 322, 2, 123, <State.eLeft: (1,)>, False, False)
2020-01-21 11:36:40,442 - wiirunner - INFO - ('cycle, time, frame, direction:', 323, 2, 122, <State.eLeft: (1,)>, False, False)
2020-01-21 11:36:40,606 - wiirunner - INFO - ('cycle, time, frame, direction:', 324, 2, 122, <State.eLeft: (1,)>, False, False)
2020-01-21 11:36:40,772 - wiirunner - INFO - ('cycle, time, frame, direction:', 325, 2, 122, <State.eLeft: (1,)>, False, False)
2020-01-21 11:36:40,878 - wiirunner - INFO - ('cycle, time, frame, direction:', 326, 1, 121, <State.eLeft: (1,)>, False, False)
2020-01-21 11:36:40,989 - wiirunner - INFO - ('cycle, time, frame, direction:', 327, 1, 121, <State.eLeft: (1,)>, False, False)
2020-01-21 11:36:41,107 - wiirunner - INFO - ('cycle, time, frame, direction:', 328, 1, 121, <State.eLeft: (1,)>, False, False)
2020-01-21 11:36:41,170 - wiirunner - INFO - ('cycle, time, frame, direction:', 329, 1, 120, <State.eLeft: (1,)>, False, False)
2020-01-21 11:36:41,295 - wiirunner - INFO - ('cycle, time, frame, direction:', 330, 1, 120, <State.eLeft: (1,)>, False, False)
2020-01-21 11:36:41,414 - wiirunner - INFO - ('cycle, time, frame, direction:', 331, 1, 120, <State.eLeft: (1,)>, False, False)
2020-01-21 11:36:41,513 - wiirunner - INFO - ('cycle, time, frame, direction:', 332, 1, 119, <State.eLeft: (1,)>, False, False)
2020-01-21 11:36:41,740 - wiirunner - INFO - ('cycle, time, frame, direction:', 333, 3, 119, <State.eLeft: (1,)>, False, False)
2020-01-21 11:36:41,903 - wiirunner - INFO - ('cycle, time, frame, direction:', 334, 2, 119, <State.eLeft: (1,)>, False, False)
2020-01-21 11:36:42,038 - wiirunner - INFO - ('cycle, time, frame, direction:', 335, 2, 118, <State.eLeft: (1,)>, False, False)
2020-01-21 11:36:42,137 - wiirunner - INFO - ('cycle, time, frame, direction:', 336, 1, 118, <State.eLeft: (1,)>, False, False)
2020-01-21 11:36:42,235 - wiirunner - INFO - ('cycle, time, frame, direction:', 337, 1, 118, <State.eLeft: (1,)>, False, False)
2020-01-21 11:36:42,348 - wiirunner - INFO - ('cycle, time, frame, direction:', 338, 1, 117, <State.eLeft: (1,)>, False, False)
2020-01-21 11:36:42,434 - wiirunner - INFO - ('cycle, time, frame, direction:', 339, 1, 118, <State.eLeft: (1,)>, False, False)
2020-01-21 11:36:42,510 - wiirunner - INFO - ('cycle, time, frame, direction:', 340, 1, 119, <State.eLeft: (1,)>, False, False)
2020-01-21 11:36:42,672 - wiirunner - INFO - ('cycle, time, frame, direction:', 341, 2, 119, <State.eLeft: (1,)>, False, False)
2020-01-21 11:36:42,934 - wiirunner - INFO - ('cycle, time, frame, direction:', 342, 4, 120, <State.eLeft: (1,)>, False, False)
2020-01-21 11:36:43,203 - wiirunner - INFO - ('cycle, time, frame, direction:', 343, 4, 120, <State.eLeft: (1,)>, False, False)
2020-01-21 11:36:43,670 - wiirunner - INFO - ('cycle, time, frame, direction:', 344, 7, 120, <State.eLeft: (1,)>, False, False)
2020-01-21 11:36:43,828 - wiirunner - INFO - ('cycle, time, frame, direction:', 345, 2, 121, <State.eLeft: (1,)>, False, False)
2020-01-21 11:36:43,909 - wiirunner - INFO - ('cycle, time, frame, direction:', 346, 1, 122, <State.eLeft: (1,)>, False, False)
2020-01-21 11:36:44,007 - wiirunner - INFO - ('cycle, time, frame, direction:', 347, 1, 121, <State.eLeft: (1,)>, False, False)
2020-01-21 11:36:44,119 - wiirunner - INFO - ('cycle, time, frame, direction:', 348, 1, 121, <State.eLeft: (1,)>, False, False)
2020-01-21 11:36:44,214 - wiirunner - INFO - ('cycle, time, frame, direction:', 349, 1, 121, <State.eLeft: (1,)>, False, False)
2020-01-21 11:36:44,324 - wiirunner - INFO - ('cycle, time, frame, direction:', 350, 1, 120, <State.eLeft: (1,)>, False, False)
2020-01-21 11:36:44,461 - wiirunner - INFO - ('cycle, time, frame, direction:', 351, 1, 120, <State.eLeft: (1,)>, False, False)
2020-01-21 11:36:44,557 - wiirunner - INFO - ('cycle, time, frame, direction:', 352, 1, 120, <State.eLeft: (1,)>, False, False)
2020-01-21 11:36:44,646 - wiirunner - INFO - ('cycle, time, frame, direction:', 353, 1, 119, <State.eLeft: (1,)>, False, False)
2020-01-21 11:36:44,745 - wiirunner - INFO - ('cycle, time, frame, direction:', 354, 1, 119, <State.eLeft: (1,)>, False, False)
2020-01-21 11:36:44,905 - wiirunner - INFO - ('cycle, time, frame, direction:', 355, 2, 119, <State.eLeft: (1,)>, False, False)
2020-01-21 11:36:45,172 - wiirunner - INFO - ('cycle, time, frame, direction:', 356, 4, 118, <State.eLeft: (1,)>, False, False)
2020-01-21 11:36:45,306 - wiirunner - INFO - ('cycle, time, frame, direction:', 357, 2, 118, <State.eLeft: (1,)>, False, False)
2020-01-21 11:36:45,409 - wiirunner - INFO - ('cycle, time, frame, direction:', 358, 1, 118, <State.eLeft: (1,)>, False, False)
2020-01-21 11:36:45,507 - wiirunner - INFO - ('cycle, time, frame, direction:', 359, 1, 117, <State.eLeft: (1,)>, False, False)
2020-01-21 11:36:45,570 - wiirunner - INFO - ('cycle, time, frame, direction:', 360, 1, 117, <State.eLeft: (1,)>, False, False)
2020-01-21 11:36:45,638 - wiirunner - INFO - ('cycle, time, frame, direction:', 361, 1, 118, <State.eLeft: (1,)>, False, False)
2020-01-21 11:36:45,704 - wiirunner - INFO - ('cycle, time, frame, direction:', 362, 1, 118, <State.eLeft: (1,)>, False, False)
2020-01-21 11:36:45,779 - wiirunner - INFO - ('cycle, time, frame, direction:', 363, 1, 119, <State.eLeft: (1,)>, False, False)
2020-01-21 11:36:45,935 - wiirunner - INFO - ('cycle, time, frame, direction:', 364, 2, 120, <State.eLeft: (1,)>, False, False)
2020-01-21 11:36:46,145 - wiirunner - INFO - ('cycle, time, frame, direction:', 365, 3, 119, <State.eLeft: (1,)>, False, False)
2020-01-21 11:36:46,252 - wiirunner - INFO - ('cycle, time, frame, direction:', 366, 1, 119, <State.eLeft: (1,)>, False, False)
2020-01-21 11:36:46,357 - wiirunner - INFO - ('cycle, time, frame, direction:', 367, 1, 119, <State.eLeft: (1,)>, False, False)
2020-01-21 11:36:46,459 - wiirunner - INFO - ('cycle, time, frame, direction:', 368, 1, 119, <State.eLeft: (1,)>, False, False)
2020-01-21 11:36:46,541 - wiirunner - INFO - ('cycle, time, frame, direction:', 369, 1, 118, <State.eLeft: (1,)>, False, False)
2020-01-21 11:36:46,651 - wiirunner - INFO - ('cycle, time, frame, direction:', 370, 1, 118, <State.eLeft: (1,)>, False, False)
2020-01-21 11:36:46,822 - wiirunner - INFO - ('cycle, time, frame, direction:', 371, 2, 118, <State.eLeft: (1,)>, False, False)
2020-01-21 11:36:47,647 - wiirunner - INFO - ('cycle, time, frame, direction:', 372, 12, 117, <State.eLeft: (1,)>, False, False)
2020-01-21 11:36:47,816 - wiirunner - INFO - ('cycle, time, frame, direction:', 373, 2, 117, <State.eLeft: (1,)>, False, False)
2020-01-21 11:36:47,931 - wiirunner - INFO - ('cycle, time, frame, direction:', 374, 1, 117, <State.eLeft: (1,)>, False, False)
2020-01-21 11:36:48,023 - wiirunner - INFO - ('cycle, time, frame, direction:', 375, 1, 117, <State.eLeft: (1,)>, False, False)
2020-01-21 11:36:48,117 - wiirunner - INFO - ('cycle, time, frame, direction:', 376, 1, 116, <State.eLeft: (1,)>, False, False)
2020-01-21 11:36:48,215 - wiirunner - INFO - ('cycle, time, frame, direction:', 377, 1, 116, <State.eLeft: (1,)>, False, False)
2020-01-21 11:36:48,313 - wiirunner - INFO - ('cycle, time, frame, direction:', 378, 1, 116, <State.eLeft: (1,)>, False, False)
2020-01-21 11:36:48,381 - wiirunner - INFO - ('cycle, time, frame, direction:', 379, 1, 115, <State.eLeft: (1,)>, False, False)
2020-01-21 11:36:48,486 - wiirunner - INFO - ('cycle, time, frame, direction:', 380, 1, 116, <State.eLeft: (1,)>, False, False)
2020-01-21 11:36:48,591 - wiirunner - INFO - ('cycle, time, frame, direction:', 381, 1, 116, <State.eLeft: (1,)>, False, False)
2020-01-21 11:36:48,732 - wiirunner - INFO - ('cycle, time, frame, direction:', 382, 1, 116, <State.eLeft: (1,)>, False, False)
2020-01-21 11:36:48,834 - wiirunner - INFO - ('cycle, time, frame, direction:', 383, 1, 115, <State.eLeft: (1,)>, False, False)
2020-01-21 11:36:48,926 - wiirunner - INFO - ('cycle, time, frame, direction:', 384, 1, 115, <State.eLeft: (1,)>, False, False)
2020-01-21 11:36:49,024 - wiirunner - INFO - ('cycle, time, frame, direction:', 385, 1, 115, <State.eLeft: (1,)>, False, False)
2020-01-21 11:36:49,120 - wiirunner - INFO - ('cycle, time, frame, direction:', 386, 1, 114, <State.eLeft: (1,)>, False, False)
2020-01-21 11:36:49,228 - wiirunner - INFO - ('cycle, time, frame, direction:', 387, 1, 114, <State.eLeft: (1,)>, False, False)
2020-01-21 11:36:49,442 - wiirunner - INFO - ('cycle, time, frame, direction:', 388, 3, 114, <State.eLeft: (1,)>, False, False)
2020-01-21 11:36:49,817 - wiirunner - INFO - ('cycle, time, frame, direction:', 389, 6, 114, <State.eLeft: (1,)>, False, False)
2020-01-21 11:36:49,981 - wiirunner - INFO - ('cycle, time, frame, direction:', 390, 2, 113, <State.eLeft: (1,)>, False, False)
2020-01-21 11:36:50,084 - wiirunner - INFO - ('cycle, time, frame, direction:', 391, 1, 113, <State.eLeft: (1,)>, False, False)
2020-01-21 11:36:50,180 - wiirunner - INFO - ('cycle, time, frame, direction:', 392, 1, 113, <State.eLeft: (1,)>, False, False)
2020-01-21 11:36:50,278 - wiirunner - INFO - ('cycle, time, frame, direction:', 393, 1, 113, <State.eLeft: (1,)>, False, False)
2020-01-21 11:36:50,342 - wiirunner - INFO - ('cycle, time, frame, direction:', 394, 1, 112, <State.eLeft: (1,)>, False, False)
2020-01-21 11:36:50,411 - wiirunner - INFO - ('cycle, time, frame, direction:', 395, 1, 113, <State.eLeft: (1,)>, False, False)
2020-01-21 11:36:50,498 - wiirunner - INFO - ('cycle, time, frame, direction:', 396, 1, 114, <State.eLeft: (1,)>, False, False)
2020-01-21 11:36:50,576 - wiirunner - INFO - ('cycle, time, frame, direction:', 397, 1, 114, <State.eLeft: (1,)>, False, False)
2020-01-21 11:36:50,643 - wiirunner - INFO - ('cycle, time, frame, direction:', 398, 1, 115, <State.eLeft: (1,)>, False, False)
2020-01-21 11:36:50,776 - wiirunner - INFO - ('cycle, time, frame, direction:', 399, 2, 115, <State.eLeft: (1,)>, False, False)
2020-01-21 11:36:50,941 - wiirunner - INFO - ('cycle, time, frame, direction:', 400, 3, 115, <State.eLeft: (1,)>, False, False)
2020-01-21 11:36:51,057 - wiirunner - INFO - ('cycle, time, frame, direction:', 401, 2, 115, <State.eLeft: (1,)>, False, False)
2020-01-21 11:36:51,212 - wiirunner - INFO - ('cycle, time, frame, direction:', 402, 2, 115, <State.eLeft: (1,)>, False, False)
2020-01-21 11:36:51,384 - wiirunner - INFO - ('cycle, time, frame, direction:', 403, 2, 114, <State.eLeft: (1,)>, False, False)
2020-01-21 11:36:52,280 - wiirunner - INFO - ('cycle, time, frame, direction:', 404, 13, 114, <State.eLeft: (1,)>, False, False)
2020-01-21 11:36:52,479 - wiirunner - INFO - ('cycle, time, frame, direction:', 405, 3, 114, <State.eLeft: (1,)>, False, False)
2020-01-21 11:36:52,666 - wiirunner - INFO - ('cycle, time, frame, direction:', 406, 2, 114, <State.eLeft: (1,)>, False, False)
2020-01-21 11:36:52,770 - wiirunner - INFO - ('cycle, time, frame, direction:', 407, 1, 113, <State.eLeft: (1,)>, False, False)
2020-01-21 11:36:52,862 - wiirunner - INFO - ('cycle, time, frame, direction:', 408, 1, 113, <State.eLeft: (1,)>, False, False)
2020-01-21 11:36:52,962 - wiirunner - INFO - ('cycle, time, frame, direction:', 409, 1, 113, <State.eLeft: (1,)>, False, False)
2020-01-21 11:36:53,060 - wiirunner - INFO - ('cycle, time, frame, direction:', 410, 1, 113, <State.eLeft: (1,)>, False, False)
2020-01-21 11:36:53,162 - wiirunner - INFO - ('cycle, time, frame, direction:', 411, 1, 112, <State.eLeft: (1,)>, False, False)
2020-01-21 11:36:53,260 - wiirunner - INFO - ('cycle, time, frame, direction:', 412, 1, 112, <State.eLeft: (1,)>, False, False)
2020-01-21 11:36:53,360 - wiirunner - INFO - ('cycle, time, frame, direction:', 413, 1, 112, <State.eLeft: (1,)>, False, False)
2020-01-21 11:36:53,463 - wiirunner - INFO - ('cycle, time, frame, direction:', 414, 1, 112, <State.eLeft: (1,)>, False, False)
2020-01-21 11:36:53,561 - wiirunner - INFO - ('cycle, time, frame, direction:', 415, 1, 111, <State.eLeft: (1,)>, False, False)
2020-01-21 11:36:53,666 - wiirunner - INFO - ('cycle, time, frame, direction:', 416, 1, 111, <State.eLeft: (1,)>, False, False)
2020-01-21 11:36:53,761 - wiirunner - INFO - ('cycle, time, frame, direction:', 417, 1, 111, <State.eLeft: (1,)>, False, False)
2020-01-21 11:36:54,050 - wiirunner - INFO - ('cycle, time, frame, direction:', 418, 4, 111, <State.eLeft: (1,)>, False, False)
2020-01-21 11:36:54,379 - wiirunner - INFO - ('cycle, time, frame, direction:', 419, 5, 110, <State.eLeft: (1,)>, False, False)
2020-01-21 11:36:54,513 - wiirunner - INFO - ('cycle, time, frame, direction:', 420, 2, 110, <State.eLeft: (1,)>, False, False)
2020-01-21 11:36:54,684 - wiirunner - INFO - ('cycle, time, frame, direction:', 421, 2, 110, <State.eLeft: (1,)>, False, False)
2020-01-21 11:36:54,785 - wiirunner - INFO - ('cycle, time, frame, direction:', 422, 1, 110, <State.eLeft: (1,)>, False, False)
2020-01-21 11:36:54,894 - wiirunner - INFO - ('cycle, time, frame, direction:', 423, 1, 110, <State.eLeft: (1,)>, False, False)
2020-01-21 11:36:54,979 - wiirunner - INFO - ('cycle, time, frame, direction:', 424, 1, 110, <State.eLeft: (1,)>, False, False)
2020-01-21 11:36:55,054 - wiirunner - INFO - ('cycle, time, frame, direction:', 425, 1, 111, <State.eLeft: (1,)>, False, False)
2020-01-21 11:36:55,244 - wiirunner - INFO - ('cycle, time, frame, direction:', 426, 3, 111, <State.eLeft: (1,)>, False, False)
2020-01-21 11:36:55,464 - wiirunner - INFO - ('cycle, time, frame, direction:', 427, 4, 111, <State.eLeft: (1,)>, False, False)
2020-01-21 11:36:55,591 - wiirunner - INFO - ('cycle, time, frame, direction:', 428, 2, 111, <State.eLeft: (1,)>, False, False)
2020-01-21 11:36:55,759 - wiirunner - INFO - ('cycle, time, frame, direction:', 429, 2, 110, <State.eLeft: (1,)>, False, False)
2020-01-21 11:36:55,925 - wiirunner - INFO - ('cycle, time, frame, direction:', 430, 2, 110, <State.eLeft: (1,)>, False, False)
2020-01-21 11:36:56,158 - wiirunner - INFO - ('cycle, time, frame, direction:', 431, 3, 110, <State.eLeft: (1,)>, False, False)
2020-01-21 11:36:56,326 - wiirunner - INFO - ('cycle, time, frame, direction:', 432, 2, 110, <State.eLeft: (1,)>, False, False)
2020-01-21 11:36:56,527 - wiirunner - INFO - ('cycle, time, frame, direction:', 433, 2, 109, <State.eLeft: (1,)>, False, False)
2020-01-21 11:36:56,625 - wiirunner - INFO - ('cycle, time, frame, direction:', 434, 1, 109, <State.eLeft: (1,)>, False, False)
2020-01-21 11:36:56,730 - wiirunner - INFO - ('cycle, time, frame, direction:', 435, 1, 109, <State.eLeft: (1,)>, False, False)
2020-01-21 11:36:56,826 - wiirunner - INFO - ('cycle, time, frame, direction:', 436, 1, 109, <State.eLeft: (1,)>, False, False)
2020-01-21 11:36:56,923 - wiirunner - INFO - ('cycle, time, frame, direction:', 437, 1, 109, <State.eLeft: (1,)>, False, False)
2020-01-21 11:36:57,031 - wiirunner - INFO - ('cycle, time, frame, direction:', 438, 1, 109, <State.eLeft: (1,)>, False, False)
2020-01-21 11:36:57,125 - wiirunner - INFO - ('cycle, time, frame, direction:', 439, 1, 109, <State.eLeft: (1,)>, False, False)
2020-01-21 11:36:57,234 - wiirunner - INFO - ('cycle, time, frame, direction:', 440, 1, 109, <State.eLeft: (1,)>, False, False)
2020-01-21 11:36:57,399 - wiirunner - INFO - ('cycle, time, frame, direction:', 441, 2, 109, <State.eLeft: (1,)>, False, False)
2020-01-21 11:36:57,651 - wiirunner - INFO - ('cycle, time, frame, direction:', 442, 2, 110, <State.eLeft: (1,)>, False, False)
2020-01-21 11:36:57,855 - wiirunner - INFO - ('cycle, time, frame, direction:', 443, 2, 110, <State.eLeft: (1,)>, False, False)
2020-01-21 11:36:57,958 - wiirunner - INFO - ('cycle, time, frame, direction:', 444, 1, 110, <State.eLeft: (1,)>, False, False)
2020-01-21 11:36:58,120 - wiirunner - INFO - ('cycle, time, frame, direction:', 445, 2, 111, <State.eLeft: (1,)>, False, False)
2020-01-21 11:36:58,323 - wiirunner - INFO - ('cycle, time, frame, direction:', 446, 3, 111, <State.eLeft: (1,)>, False, False)
2020-01-21 11:36:58,629 - wiirunner - INFO - ('cycle, time, frame, direction:', 447, 4, 111, <State.eLeft: (1,)>, False, False)
2020-01-21 11:36:58,922 - wiirunner - INFO - ('cycle, time, frame, direction:', 448, 4, 111, <State.eLeft: (1,)>, False, False)
2020-01-21 11:36:59,093 - wiirunner - INFO - ('cycle, time, frame, direction:', 449, 2, 111, <State.eLeft: (1,)>, False, False)
2020-01-21 11:36:59,367 - wiirunner - INFO - ('cycle, time, frame, direction:', 450, 2, 111, <State.eLeft: (1,)>, False, False)
2020-01-21 11:36:59,471 - wiirunner - INFO - ('cycle, time, frame, direction:', 451, 1, 111, <State.eLeft: (1,)>, False, False)
2020-01-21 11:36:59,775 - wiirunner - INFO - ('cycle, time, frame, direction:', 452, 2, 111, <State.eLeft: (1,)>, False, False)
2020-01-21 11:37:00,388 - wiirunner - INFO - ('cycle, time, frame, direction:', 453, 6, 112, <State.eLeft: (1,)>, False, False)
2020-01-21 11:37:02,123 - wiirunner - INFO - ('cycle, time, frame, direction:', 454, 28, 112, <State.eLeft: (1,)>, False, False)
2020-01-21 11:37:03,125 - wiirunner - INFO - ('cycle, time, frame, direction:', 455, 17, 113, <State.eLeft: (1,)>, False, False)
2020-01-21 11:37:03,456 - wiirunner - INFO - ('cycle, time, frame, direction:', 456, 5, 113, <State.eLeft: (1,)>, False, False)
2020-01-21 11:37:04,774 - wiirunner - INFO - ('cycle, time, frame, direction:', 457, 19, 114, <State.eLeft: (1,)>, False, False)
2020-01-21 11:37:05,523 - wiirunner - INFO - ('cycle, time, frame, direction:', 458, 11, 114, <State.eLeft: (1,)>, False, False)
2020-01-21 11:37:06,894 - wiirunner - INFO - ('cycle, time, frame, direction:', 459, 22, 115, <State.eLeft: (1,)>, False, False)
2020-01-21 11:37:07,661 - wiirunner - INFO - ('cycle, time, frame, direction:', 460, 11, 115, <State.eLeft: (1,)>, False, False)
2020-01-21 11:37:08,529 - wiirunner - INFO - ('cycle, time, frame, direction:', 461, 14, 116, <State.eLeft: (1,)>, False, False)
2020-01-21 11:37:08,939 - wiirunner - INFO - ('cycle, time, frame, direction:', 462, 6, 116, <State.eLeft: (1,)>, False, False)
2020-01-21 11:37:09,899 - wiirunner - INFO - ('cycle, time, frame, direction:', 463, 14, 117, <State.eLeft: (1,)>, False, False)
2020-01-21 11:37:11,366 - wiirunner - INFO - ('cycle, time, frame, direction:', 464, 23, 117, <State.eLeft: (1,)>, False, False)
2020-01-21 11:37:11,631 - wiirunner - INFO - ('cycle, time, frame, direction:', 465, 4, 118, <State.eLeft: (1,)>, False, False)
2020-01-21 11:37:12,068 - wiirunner - INFO - ('cycle, time, frame, direction:', 466, 7, 118, <State.eLeft: (1,)>, False, False)
